<html>
<head>
<title>TestNG:  D:/004_Projects/Selenium/IntelliJ IDEA/Selenium_Maven_demoblaze-SandBox_001</title>
<link href="../testng.css" rel="stylesheet" type="text/css" />
<link href="../my-testng.css" rel="stylesheet" type="text/css" />

<style type="text/css">
.log { display: none;} 
.stack-trace { display: none;} 
</style>
<script type="text/javascript">
<!--
function flip(e) {
  current = e.style.display;
  if (current == 'block') {
    e.style.display = 'none';
    return 0;
  }
  else {
    e.style.display = 'block';
    return 1;
  }
}

function toggleBox(szDivId, elem, msg1, msg2)
{
  var res = -1;  if (document.getElementById) {
    res = flip(document.getElementById(szDivId));
  }
  else if (document.all) {
    // this is the way old msie versions work
    res = flip(document.all[szDivId]);
  }
  if(elem) {
    if(res == 0) elem.innerHTML = msg1; else elem.innerHTML = msg2;
  }

}

function toggleAllBoxes() {
  if (document.getElementsByTagName) {
    d = document.getElementsByTagName('div');
    for (i = 0; i < d.length; i++) {
      if (d[i].className == 'log') {
        flip(d[i]);
      }
    }
  }
}

// -->
</script>

</head>
<body>
<h2 align='center'>D:/004_Projects/Selenium/IntelliJ IDEA/Selenium_Maven_demoblaze-SandBox_001</h2><table border='1' align="center">
<tr>
<td>Tests passed/Failed/Skipped:</td><td>13/1/0</td>
</tr><tr>
<td>Started on:</td><td>Sat Sep 06 21:12:06 IST 2025</td>
</tr>
<tr><td>Total time:</td><td>108 seconds (108492 ms)</td>
</tr><tr>
<td>Included groups:</td><td></td>
</tr><tr>
<td>Excluded groups:</td><td></td>
</tr>
</table><p/>
<small><i>(Hover the method name to see the test class name)</i></small><p/>
<table width='100%' border='1' class='invocation-failed'>
<tr><td colspan='4' align='center'><b>FAILED TESTS</b></td></tr>
<tr><td><b>Test method</b></td>
<td><b>Attribute(s)</b></td>
<td width="30%"><b>Exception</b></td>
<td width="10%"><b>Time (seconds)</b></td>
<td><b>Instance</b></td>
</tr>
<tr>
<td title='org.example.testcases.SignUp.singUpWithUsedUsername()'><b>singUpWithUsedUsername</b><br>Test class: org.example.testcases.SignUp</td>
<td><div><pre>org.openqa.selenium.TimeoutException: Expected condition failed: waiting for visibility of [[ChromeDriver: chrome on windows (a0fff7c1626bd03dd027c3e00c64b595)] -&gt; id: sign-username] (tried for 15 second(s) with 500 milliseconds interval)
Build info: version: &apos;4.22.0&apos;, revision: &apos;c5f3146703*&apos;
System info: os.name: &apos;Windows 11&apos;, os.arch: &apos;amd64&apos;, os.version: &apos;10.0&apos;, java.version: &apos;21.0.8&apos;
Driver info: org.openqa.selenium.chrome.ChromeDriver
Capabilities {acceptInsecureCerts: false, browserName: chrome, browserVersion: 139.0.7258.155, chrome: {chromedriverVersion: 139.0.7258.154 (9e0d6b2b47f..., userDataDir: C:\Users\hp\AppData\Local\T...}, fedcm:accounts: true, goog:chromeOptions: {debuggerAddress: localhost:50659}, networkConnectionEnabled: false, pageLoadStrategy: normal, platformName: windows, proxy: Proxy(), se:cdp: ws://localhost:50659/devtoo..., se:cdpVersion: 139.0.7258.155, setWindowRect: true, strictFileInteractability: false, timeouts: {implicit: 0, pageLoad: 300000, script: 30000}, unhandledPromptBehavior: dismiss and notify, webauthn:extension:credBlob: true, webauthn:extension:largeBlob: true, webauthn:extension:minPinLength: true, webauthn:extension:prf: true, webauthn:virtualAuthenticators: true}
Session ID: a0fff7c1626bd03dd027c3e00c64b595
	at org.openqa.selenium.support.ui.WebDriverWait.timeoutException(WebDriverWait.java:84)
	at org.openqa.selenium.support.ui.FluentWait.until(FluentWait.java:228)
	at org.example.pages.Page.visibilityWait(Page.java:23)
	at org.example.pages.Page.sendText(Page.java:36)
	at org.example.pages.SignUpPage.signUp(SignUpPage.java:22)
	at org.example.testcases.SignUp.singUpWithUsedUsername(SignUp.java:38)
	at java.base/jdk.internal.reflect.DirectMethodHandleAccessor.invoke(DirectMethodHandleAccessor.java:103)
	at java.base/java.lang.reflect.Method.invoke(Method.java:580)
	at org.testng.internal.invokers.MethodInvocationHelper.invokeMethod(MethodInvocationHelper.java:141)
	at org.testng.internal.invokers.TestInvoker.invokeMethod(TestInvoker.java:686)
	at org.testng.internal.invokers.TestInvoker.invokeTestMethod(TestInvoker.java:230)
	at org.testng.internal.invokers.MethodRunner.runInSequence(MethodRunner.java:63)
	at org.testng.internal.invokers.TestInvoker$MethodInvocationAgent.invoke(TestInvoker.java:992)
	at org.testng.internal.invokers.TestInvoker.invokeTestMethods(TestInvoker.java:203)
	at org.testng.internal.invokers.TestMethodWorker.invokeTestMethods(TestMethodWorker.java:154)
	at org.testng.internal.invokers.TestMethodWorker.run(TestMethodWorker.java:134)
	at java.base/java.util.ArrayList.forEach(ArrayList.java:1596)
	at org.testng.TestRunner.privateRun(TestRunner.java:739)
	at org.testng.TestRunner.run(TestRunner.java:614)
	at org.testng.SuiteRunner.runTest(SuiteRunner.java:421)
	at org.testng.SuiteRunner.runSequentially(SuiteRunner.java:413)
	at org.testng.SuiteRunner.privateRun(SuiteRunner.java:373)
	at org.testng.SuiteRunner.run(SuiteRunner.java:312)
	at org.testng.SuiteRunnerWorker.runSuite(SuiteRunnerWorker.java:52)
	at org.testng.SuiteRunnerWorker.run(SuiteRunnerWorker.java:95)
	at org.testng.TestNG.runSuitesSequentially(TestNG.java:1274)
	at org.testng.TestNG.runSuitesLocally(TestNG.java:1208)
	at org.testng.TestNG.runSuites(TestNG.java:1112)
	at org.testng.TestNG.run(TestNG.java:1079)
	at org.testng.remote.AbstractRemoteTestNG.run(AbstractRemoteTestNG.java:115)
	at org.testng.remote.RemoteTestNG.initAndRun(RemoteTestNG.java:293)
	at org.testng.remote.RemoteTestNG.main(RemoteTestNG.java:91)
</pre></div><a href='#' onClick='toggleBox("stack-trace88672824", this, "Click to show all stack frames", "Click to hide stack frames")'>Click to show all stack frames</a>
<div class='stack-trace' id='stack-trace88672824'><pre>org.openqa.selenium.TimeoutException: Expected condition failed: waiting for visibility of [[ChromeDriver: chrome on windows (a0fff7c1626bd03dd027c3e00c64b595)] -&gt; id: sign-username] (tried for 15 second(s) with 500 milliseconds interval)
Build info: version: &apos;4.22.0&apos;, revision: &apos;c5f3146703*&apos;
System info: os.name: &apos;Windows 11&apos;, os.arch: &apos;amd64&apos;, os.version: &apos;10.0&apos;, java.version: &apos;21.0.8&apos;
Driver info: org.openqa.selenium.chrome.ChromeDriver
Capabilities {acceptInsecureCerts: false, browserName: chrome, browserVersion: 139.0.7258.155, chrome: {chromedriverVersion: 139.0.7258.154 (9e0d6b2b47f..., userDataDir: C:\Users\hp\AppData\Local\T...}, fedcm:accounts: true, goog:chromeOptions: {debuggerAddress: localhost:50659}, networkConnectionEnabled: false, pageLoadStrategy: normal, platformName: windows, proxy: Proxy(), se:cdp: ws://localhost:50659/devtoo..., se:cdpVersion: 139.0.7258.155, setWindowRect: true, strictFileInteractability: false, timeouts: {implicit: 0, pageLoad: 300000, script: 30000}, unhandledPromptBehavior: dismiss and notify, webauthn:extension:credBlob: true, webauthn:extension:largeBlob: true, webauthn:extension:minPinLength: true, webauthn:extension:prf: true, webauthn:virtualAuthenticators: true}
Session ID: a0fff7c1626bd03dd027c3e00c64b595
	at org.openqa.selenium.support.ui.WebDriverWait.timeoutException(WebDriverWait.java:84)
	at org.openqa.selenium.support.ui.FluentWait.until(FluentWait.java:228)
	at org.example.pages.Page.visibilityWait(Page.java:23)
	at org.example.pages.Page.sendText(Page.java:36)
	at org.example.pages.SignUpPage.signUp(SignUpPage.java:22)
	at org.example.testcases.SignUp.singUpWithUsedUsername(SignUp.java:38)
	at java.base/jdk.internal.reflect.DirectMethodHandleAccessor.invoke(DirectMethodHandleAccessor.java:103)
	at java.base/java.lang.reflect.Method.invoke(Method.java:580)
	at org.testng.internal.invokers.MethodInvocationHelper.invokeMethod(MethodInvocationHelper.java:141)
	at org.testng.internal.invokers.TestInvoker.invokeMethod(TestInvoker.java:686)
	at org.testng.internal.invokers.TestInvoker.invokeTestMethod(TestInvoker.java:230)
	at org.testng.internal.invokers.MethodRunner.runInSequence(MethodRunner.java:63)
	at org.testng.internal.invokers.TestInvoker$MethodInvocationAgent.invoke(TestInvoker.java:992)
	at org.testng.internal.invokers.TestInvoker.invokeTestMethods(TestInvoker.java:203)
	at org.testng.internal.invokers.TestMethodWorker.invokeTestMethods(TestMethodWorker.java:154)
	at org.testng.internal.invokers.TestMethodWorker.run(TestMethodWorker.java:134)
	at java.base/java.util.ArrayList.forEach(ArrayList.java:1596)
	at org.testng.TestRunner.privateRun(TestRunner.java:739)
	at org.testng.TestRunner.run(TestRunner.java:614)
	at org.testng.SuiteRunner.runTest(SuiteRunner.java:421)
	at org.testng.SuiteRunner.runSequentially(SuiteRunner.java:413)
	at org.testng.SuiteRunner.privateRun(SuiteRunner.java:373)
	at org.testng.SuiteRunner.run(SuiteRunner.java:312)
	at org.testng.SuiteRunnerWorker.runSuite(SuiteRunnerWorker.java:52)
	at org.testng.SuiteRunnerWorker.run(SuiteRunnerWorker.java:95)
	at org.testng.TestNG.runSuitesSequentially(TestNG.java:1274)
	at org.testng.TestNG.runSuitesLocally(TestNG.java:1208)
	at org.testng.TestNG.runSuites(TestNG.java:1112)
	at org.testng.TestNG.run(TestNG.java:1079)
	at org.testng.remote.AbstractRemoteTestNG.run(AbstractRemoteTestNG.java:115)
	at org.testng.remote.RemoteTestNG.initAndRun(RemoteTestNG.java:293)
	at org.testng.remote.RemoteTestNG.main(RemoteTestNG.java:91)
</pre></div></td>
<td>18</td>
<td>org.example.testcases.SignUp@5ab9e72c</td></tr>
</table><p>
<table width='100%' border='1' class='invocation-passed'>
<tr><td colspan='4' align='center'><b>PASSED TESTS</b></td></tr>
<tr><td><b>Test method</b></td>
<td><b>Attribute(s)</b></td>
<td width="30%"><b>Exception</b></td>
<td width="10%"><b>Time (seconds)</b></td>
<td><b>Instance</b></td>
</tr>
<tr>
<td title='org.example.testcases.Login.loginWithInvalidUsername()'><b>loginWithInvalidUsername</b><br>Test class: org.example.testcases.Login</td>
<td></td>
<td>3</td>
<td>org.example.testcases.Login@55b53d44</td></tr>
<tr>
<td title='org.example.testcases.Login.loginWithValidUsernameAndInvalidPassword()'><b>loginWithValidUsernameAndInvalidPassword</b><br>Test class: org.example.testcases.Login</td>
<td></td>
<td>3</td>
<td>org.example.testcases.Login@55b53d44</td></tr>
<tr>
<td title='org.example.testcases.HomepageExplorer.SlideRightAndLeftArrow()'><b>SlideRightAndLeftArrow</b><br>Test class: org.example.testcases.HomepageExplorer</td>
<td></td>
<td>4</td>
<td>org.example.testcases.HomepageExplorer@482bce4f</td></tr>
<tr>
<td title='org.example.testcases.PDP.samsungGalaxyS6PDP()'><b>samsungGalaxyS6PDP</b><br>Test class: org.example.testcases.PDP</td>
<td></td>
<td>3</td>
<td>org.example.testcases.PDP@366647c2</td></tr>
<tr>
<td title='org.example.testcases.Cart.cartTest()'><b>cartTest</b><br>Test class: org.example.testcases.Cart</td>
<td></td>
<td>15</td>
<td>org.example.testcases.Cart@6a6afff2</td></tr>
<tr>
<td title='org.example.testcases.SignUp.singUpWithEmptyFields()'><b>singUpWithEmptyFields</b><br>Test class: org.example.testcases.SignUp</td>
<td></td>
<td>0</td>
<td>org.example.testcases.SignUp@5ab9e72c</td></tr>
<tr>
<td title='org.example.testcases.Login.loginWithEmptyFields()'><b>loginWithEmptyFields</b><br>Test class: org.example.testcases.Login</td>
<td></td>
<td>0</td>
<td>org.example.testcases.Login@55b53d44</td></tr>
<tr>
<td title='org.example.testcases.PDP.macBookProPDP()'><b>macBookProPDP</b><br>Test class: org.example.testcases.PDP</td>
<td></td>
<td>3</td>
<td>org.example.testcases.PDP@366647c2</td></tr>
<tr>
<td title='org.example.testcases.Login.logout()'><b>logout</b><br>Test class: org.example.testcases.Login</td>
<td></td>
<td>5</td>
<td>org.example.testcases.Login@55b53d44</td></tr>
<tr>
<td title='org.example.testcases.Login.validLogin()'><b>validLogin</b><br>Test class: org.example.testcases.Login</td>
<td></td>
<td>5</td>
<td>org.example.testcases.Login@55b53d44</td></tr>
<tr>
<td title='org.example.testcases.SignUp.validSingUp()'><b>validSingUp</b><br>Test class: org.example.testcases.SignUp</td>
<td></td>
<td>1</td>
<td>org.example.testcases.SignUp@5ab9e72c</td></tr>
<tr>
<td title='org.example.testcases.HomepageExplorer.Categories()'><b>Categories</b><br>Test class: org.example.testcases.HomepageExplorer</td>
<td></td>
<td>2</td>
<td>org.example.testcases.HomepageExplorer@482bce4f</td></tr>
<tr>
<td title='org.example.testcases.PDP.aSUSFullHDPDP()'><b>aSUSFullHDPDP</b><br>Test class: org.example.testcases.PDP</td>
<td></td>
<td>3</td>
<td>org.example.testcases.PDP@366647c2</td></tr>
</table><p>
</body>
</html>